2025-08-14 10:18:14,011 - Knowledge - INFO - Redis support added with prefix knowledge:b80098n:
2025-08-14 10:18:14,254 - Knowledge - INFO - load persisted knowledge: begin
2025-08-14 10:18:14,348 - Knowledge - INFO - load persisted knowledge: end
2025-08-14 10:18:14,428 - Knowledge - INFO - load persisted docinfo: begin
2025-08-14 10:18:14,545 - Knowledge - INFO - load persisted docinfo: end
2025-08-14 10:18:14,662 - Knowledge - INFO - worker kw1 created with dedicated MongoDB connection (total: 1)
2025-08-14 10:18:14,745 - Knowledge - INFO - knowledge worker kw1 start
2025-08-14 10:18:14,747 - Knowledge - INFO - worker kw2 created with dedicated MongoDB connection (total: 2)
2025-08-14 10:18:14,842 - Knowledge - INFO - worker kw1 pull /app/data/T0015/125017/b80098n/c2pa-rs-125017/cli/src/main.rs from ingest queue
2025-08-14 10:18:14,951 - Knowledge - INFO - knowledge worker kw2 start
2025-08-14 10:18:14,953 - Knowledge - INFO - worker kw3 created with dedicated MongoDB connection (total: 3)
2025-08-14 10:18:15,055 - Knowledge - INFO - process ingested knowledge for /app/data/T0015/125017/b80098n/c2pa-rs-125017/cli/src/main.rs
2025-08-14 10:18:15,100 - Knowledge - INFO - worker kw2 pull /app/data/T0015/125017/b80098n/c2pa-rs-125017/cli/src/tree.rs from ingest queue
2025-08-14 10:18:15,171 - Knowledge - INFO - knowledge worker kw3 start
2025-08-14 10:18:15,174 - Knowledge - INFO - worker kw4 created with dedicated MongoDB connection (total: 4)
2025-08-14 10:18:15,298 - Knowledge - INFO - Found code-base-name: https://github.com/kavia-common/c2pa-rs-125017.git:kavia-c2patool-main
2025-08-14 10:18:15,414 - Knowledge - INFO - process ingested knowledge for /app/data/T0015/125017/b80098n/c2pa-rs-125017/cli/src/tree.rs
2025-08-14 10:18:15,487 - Knowledge - INFO - worker kw3 pull /app/data/T0015/125017/b80098n/c2pa-rs-125017/cli/src/signer.rs from ingest queue
2025-08-14 10:18:15,596 - Knowledge - INFO - knowledge worker kw4 start
2025-08-14 10:18:15,598 - Knowledge - INFO - worker kw5 created with dedicated MongoDB connection (total: 5)
2025-08-14 10:18:15,691 - Knowledge - INFO - Found code_base: <app.utils.kg_build.knowledge.KnowledgeCodeBase object at 0x7f212a2b1350>
2025-08-14 10:18:15,761 - Knowledge - INFO - Found code-base-name: https://github.com/kavia-common/c2pa-rs-125017.git:kavia-c2patool-main
2025-08-14 10:18:15,864 - Knowledge - INFO - process ingested knowledge for /app/data/T0015/125017/b80098n/c2pa-rs-125017/cli/src/signer.rs
2025-08-14 10:18:15,913 - Knowledge - INFO - worker kw4 pull /app/data/T0015/125017/b80098n/c2pa-rs-125017/cli/src/callback_signer.rs from ingest queue
2025-08-14 10:18:16,011 - Knowledge - INFO - knowledge worker kw5 start
2025-08-14 10:18:16,013 - Knowledge - INFO - worker kw6 created with dedicated MongoDB connection (total: 6)
2025-08-14 10:18:16,105 - Knowledge - INFO - persist ingested knowledge for /app/data/T0015/125017/b80098n/c2pa-rs-125017/cli/src/main.rs
2025-08-14 10:18:16,174 - Knowledge - INFO - Found code_base: <app.utils.kg_build.knowledge.KnowledgeCodeBase object at 0x7f212a2b1350>
2025-08-14 10:18:16,743 - Knowledge - INFO - persist ingested knowledge for /app/data/T0015/125017/b80098n/c2pa-rs-125017/cli/src/tree.rs
2025-08-14 10:18:16,381 - Knowledge - INFO - process ingested knowledge for /app/data/T0015/125017/b80098n/c2pa-rs-125017/cli/src/callback_signer.rs
2025-08-14 10:18:16,425 - Knowledge - INFO - worker kw5 pull /app/data/T0015/125017/b80098n/c2pa-rs-125017/cli/src/info.rs from ingest queue
2025-08-14 10:18:16,495 - Knowledge - INFO - knowledge worker kw6 start
2025-08-14 10:18:16,502 - Knowledge - INFO - worker kw7 created with dedicated MongoDB connection (total: 7)
2025-08-14 10:18:16,661 - Knowledge - INFO - adding /app/data/T0015/125017/b80098n/c2pa-rs-125017/cli/src/main.rs to ingest queue
2025-08-14 10:18:16,267 - Knowledge - INFO - Found code-base-name: https://github.com/kavia-common/c2pa-rs-125017.git:kavia-c2patool-main
2025-08-14 10:18:17,056 - Knowledge - INFO - process ingested knowledge for /app/data/T0015/125017/b80098n/c2pa-rs-125017/cli/src/info.rs
2025-08-14 10:18:17,238 - Knowledge - INFO - knowledge worker kw7 start
2025-08-14 10:18:17,240 - Knowledge - INFO - worker kw8 created with dedicated MongoDB connection (total: 8)
2025-08-14 10:18:17,407 - Knowledge - INFO - Found code-base-name: https://github.com/kavia-common/c2pa-rs-125017.git:kavia-c2patool-main
2025-08-14 10:18:17,408 - Knowledge - INFO - worker kw6 pull /app/data/T0015/125017/b80098n/c2pa-rs-125017/cli/schemas/ingredient.json from ingest queue
2025-08-14 10:18:17,408 - Knowledge - INFO - adding /app/data/T0015/125017/b80098n/c2pa-rs-125017/cli/src/tree.rs to ingest queue
2025-08-14 10:18:17,462 - Knowledge - INFO - Found code_base: <app.utils.kg_build.knowledge.KnowledgeCodeBase object at 0x7f212a2b1350>
2025-08-14 10:18:17,753 - Knowledge - INFO - knowledge worker kw8 start
2025-08-14 10:18:17,754 - Knowledge - INFO - worker kw9 created with dedicated MongoDB connection (total: 9)
2025-08-14 10:18:17,824 - Knowledge - INFO - Found code_base: <app.utils.kg_build.knowledge.KnowledgeCodeBase object at 0x7f212a2b1350>
2025-08-14 10:18:17,924 - Knowledge - INFO - process ingested knowledge for /app/data/T0015/125017/b80098n/c2pa-rs-125017/cli/schemas/ingredient.json
2025-08-14 10:18:18,018 - Knowledge - INFO - worker kw1 pull /app/data/T0015/125017/b80098n/c2pa-rs-125017/cli/schemas/manifest-definition.json from ingest queue
2025-08-14 10:18:18,019 - Knowledge - INFO - Found code-base-name: https://github.com/kavia-common/c2pa-rs-125017.git:kavia-c2patool-main
2025-08-14 10:18:18,019 - Knowledge - INFO - worker kw7 pull /app/data/T0015/125017/b80098n/c2pa-rs-125017/cli/sample/test.json from ingest queue
2025-08-14 10:18:18,019 - Knowledge - INFO - worker kw2 pull /app/data/T0015/125017/b80098n/c2pa-rs-125017/cli/deny.toml from ingest queue
2025-08-14 10:18:18,089 - Knowledge - INFO - persist ingested knowledge for /app/data/T0015/125017/b80098n/c2pa-rs-125017/cli/src/signer.rs
2025-08-14 10:18:18,169 - Knowledge - INFO - worker kw8 pull /app/data/T0015/125017/b80098n/c2pa-rs-125017/cli/Cargo.toml from ingest queue
2025-08-14 10:18:18,256 - Knowledge - INFO - knowledge worker kw9 start
2025-08-14 10:18:18,257 - Knowledge - INFO - worker kw10 created with dedicated MongoDB connection (total: 10)
2025-08-14 10:18:18,331 - Knowledge - INFO - persist ingested knowledge for /app/data/T0015/125017/b80098n/c2pa-rs-125017/cli/src/callback_signer.rs
2025-08-14 10:18:18,408 - Knowledge - INFO - Found code-base-name: https://github.com/kavia-common/c2pa-rs-125017.git:kavia-c2patool-main
2025-08-14 10:18:18,545 - Knowledge - INFO - process ingested knowledge for /app/data/T0015/125017/b80098n/c2pa-rs-125017/cli/schemas/manifest-definition.json
2025-08-14 10:18:18,605 - Knowledge - INFO - Found code_base: <app.utils.kg_build.knowledge.KnowledgeCodeBase object at 0x7f212a2b1350>
2025-08-14 10:18:18,748 - Knowledge - INFO - process ingested knowledge for /app/data/T0015/125017/b80098n/c2pa-rs-125017/cli/sample/test.json
2025-08-14 10:18:18,872 - Knowledge - INFO - process ingested knowledge for /app/data/T0015/125017/b80098n/c2pa-rs-125017/cli/deny.toml
2025-08-14 10:18:19,012 - Knowledge - INFO - adding /app/data/T0015/125017/b80098n/c2pa-rs-125017/cli/src/signer.rs to ingest queue
2025-08-14 10:18:19,073 - Knowledge - INFO - process ingested knowledge for /app/data/T0015/125017/b80098n/c2pa-rs-125017/cli/Cargo.toml
2025-08-14 10:18:19,245 - Knowledge - INFO - knowledge worker kw10 start
2025-08-14 10:18:19,247 - Knowledge - INFO - worker kw11 created with dedicated MongoDB connection (total: 11)
2025-08-14 10:18:19,425 - Knowledge - INFO - Found code_base: <app.utils.kg_build.knowledge.KnowledgeCodeBase object at 0x7f212a2b1350>
2025-08-14 10:18:19,599 - Knowledge - INFO - persist ingested knowledge for /app/data/T0015/125017/b80098n/c2pa-rs-125017/cli/src/info.rs
2025-08-14 10:18:19,891 - Knowledge - INFO - worker kw9 pull /app/data/T0015/125017/b80098n/c2pa-rs-125017/cli/docs/x_509.md from ingest queue
2025-08-14 10:18:19,948 - Knowledge - INFO - Found code-base-name: https://github.com/kavia-common/c2pa-rs-125017.git:kavia-c2patool-main
2025-08-14 10:18:19,949 - Knowledge - INFO - Found code-base-name: https://github.com/kavia-common/c2pa-rs-125017.git:kavia-c2patool-main
2025-08-14 10:18:20,598 - Knowledge - INFO - Found code_base: <app.utils.kg_build.knowledge.KnowledgeCodeBase object at 0x7f212a2b1350>
2025-08-14 10:18:19,949 - Knowledge - INFO - worker kw3 pull /app/data/T0015/125017/b80098n/c2pa-rs-125017/cli/docs/usage.md from ingest queue
2025-08-14 10:18:19,949 - Knowledge - INFO - adding /app/data/T0015/125017/b80098n/c2pa-rs-125017/cli/src/callback_signer.rs to ingest queue
2025-08-14 10:18:20,173 - Knowledge - INFO - knowledge worker kw11 start
2025-08-14 10:18:20,175 - Knowledge - INFO - worker kw12 created with dedicated MongoDB connection (total: 12)
2025-08-14 10:18:20,251 - Knowledge - INFO - persist ingested knowledge for /app/data/T0015/125017/b80098n/c2pa-rs-125017/cli/schemas/ingredient.json
2025-08-14 10:18:20,467 - Knowledge - INFO - process ingested knowledge for /app/data/T0015/125017/b80098n/c2pa-rs-125017/cli/docs/x_509.md
2025-08-14 10:18:20,524 - Knowledge - INFO - Found code_base: <app.utils.kg_build.knowledge.KnowledgeCodeBase object at 0x7f212a2b1350>
2025-08-14 10:18:19,949 - Knowledge - INFO - Found code-base-name: https://github.com/kavia-common/c2pa-rs-125017.git:kavia-c2patool-main
2025-08-14 10:18:20,698 - Knowledge - INFO - persist ingested knowledge for /app/data/T0015/125017/b80098n/c2pa-rs-125017/cli/sample/test.json
2025-08-14 10:18:20,825 - Knowledge - INFO - process ingested knowledge for /app/data/T0015/125017/b80098n/c2pa-rs-125017/cli/docs/usage.md
2025-08-14 10:18:20,868 - Knowledge - INFO - Found code-base-name: https://github.com/kavia-common/c2pa-rs-125017.git:kavia-c2patool-main
2025-08-14 10:18:20,868 - Knowledge - INFO - worker kw10 pull /app/data/T0015/125017/b80098n/c2pa-rs-125017/cli/docs/project-contributions.md from ingest queue
2025-08-14 10:18:20,922 - Knowledge - INFO - worker kw4 pull /app/data/T0015/125017/b80098n/c2pa-rs-125017/cli/docs/manifest.md from ingest queue
2025-08-14 10:18:20,922 - Knowledge - INFO - adding /app/data/T0015/125017/b80098n/c2pa-rs-125017/cli/src/info.rs to ingest queue
2025-08-14 10:18:21,060 - Knowledge - INFO - knowledge worker kw12 start
2025-08-14 10:18:21,063 - Knowledge - INFO - worker kw13 created with dedicated MongoDB connection (total: 13)
2025-08-14 10:18:21,346 - Knowledge - INFO - persist ingested knowledge for /app/data/T0015/125017/b80098n/c2pa-rs-125017/cli/schemas/manifest-definition.json
2025-08-14 10:18:21,436 - Knowledge - INFO - Found code_base: <app.utils.kg_build.knowledge.KnowledgeCodeBase object at 0x7f212a2b1350>
2025-08-14 10:18:21,709 - Knowledge - INFO - Found code_base: <app.utils.kg_build.knowledge.KnowledgeCodeBase object at 0x7f212a2b1350>
2025-08-14 10:18:21,808 - Knowledge - INFO - process ingested knowledge for /app/data/T0015/125017/b80098n/c2pa-rs-125017/cli/docs/project-contributions.md
2025-08-14 10:18:21,876 - Knowledge - INFO - process ingested knowledge for /app/data/T0015/125017/b80098n/c2pa-rs-125017/cli/docs/manifest.md
2025-08-14 10:18:21,935 - Knowledge - INFO - worker kw11 pull /app/data/T0015/125017/b80098n/c2pa-rs-125017/cli/docs/release-notes.md from ingest queue
2025-08-14 10:18:21,988 - Knowledge - INFO - Found code-base-name: https://github.com/kavia-common/c2pa-rs-125017.git:kavia-c2patool-main
2025-08-14 10:18:22,038 - Knowledge - INFO - Found code-base-name: https://github.com/kavia-common/c2pa-rs-125017.git:kavia-c2patool-main
2025-08-14 10:18:22,851 - Knowledge - INFO - Found code_base: <app.utils.kg_build.knowledge.KnowledgeCodeBase object at 0x7f212a2b1350>
2025-08-14 10:18:22,115 - Knowledge - INFO - knowledge worker kw13 start
2025-08-14 10:18:22,121 - Knowledge - INFO - worker kw14 created with dedicated MongoDB connection (total: 14)
2025-08-14 10:18:22,301 - Knowledge - INFO - persist ingested knowledge for /app/data/T0015/125017/b80098n/c2pa-rs-125017/cli/deny.toml
2025-08-14 10:18:22,377 - Knowledge - INFO - persist ingested knowledge for /app/data/T0015/125017/b80098n/c2pa-rs-125017/cli/Cargo.toml
2025-08-14 10:18:22,696 - Knowledge - INFO - process ingested knowledge for /app/data/T0015/125017/b80098n/c2pa-rs-125017/cli/docs/release-notes.md
2025-08-14 10:18:22,748 - Knowledge - INFO - Found code_base: <app.utils.kg_build.knowledge.KnowledgeCodeBase object at 0x7f212a2b1350>
2025-08-14 10:18:22,039 - Knowledge - INFO - adding /app/data/T0015/125017/b80098n/c2pa-rs-125017/cli/sample/test.json to ingest queue
2025-08-14 10:18:22,955 - Knowledge - INFO - persist ingested knowledge for /app/data/T0015/125017/b80098n/c2pa-rs-125017/cli/docs/usage.md
2025-08-14 10:18:23,151 - Knowledge - INFO - knowledge worker kw14 start
2025-08-14 10:18:23,153 - Knowledge - INFO - worker kw15 created with dedicated MongoDB connection (total: 15)
2025-08-14 10:18:23,508 - Knowledge - INFO - persist ingested knowledge for /app/data/T0015/125017/b80098n/c2pa-rs-125017/cli/docs/x_509.md
2025-08-14 10:18:23,620 - Knowledge - INFO - adding /app/data/T0015/125017/b80098n/c2pa-rs-125017/cli/schemas/ingredient.json to ingest queue
2025-08-14 10:18:23,917 - Knowledge - INFO - knowledge worker kw15 start
2025-08-14 10:18:23,920 - Knowledge - INFO - worker kw16 created with dedicated MongoDB connection (total: 16)
2025-08-14 10:18:24,351 - Knowledge - INFO - knowledge worker kw16 start
2025-08-14 10:18:24,129 - Knowledge - INFO - worker kw12 pull /app/data/T0015/125017/b80098n/c2pa-rs-125017/cli/CODE_OF_CONDUCT.md from ingest queue
2025-08-14 10:18:24,129 - Knowledge - INFO - Found code-base-name: https://github.com/kavia-common/c2pa-rs-125017.git:kavia-c2patool-main
2025-08-14 10:18:24,129 - Knowledge - INFO - Found code-base-name: https://github.com/kavia-common/c2pa-rs-125017.git:kavia-c2patool-main
2025-08-14 10:18:24,129 - Knowledge - INFO - worker kw13 pull /app/data/T0015/125017/b80098n/c2pa-rs-125017/cli/README.md from ingest queue
2025-08-14 10:18:24,235 - Knowledge - INFO - Found code-base-name: https://github.com/kavia-common/c2pa-rs-125017.git:kavia-c2patool-main
2025-08-14 10:18:24,235 - Knowledge - INFO - worker kw7 pull /app/data/T0015/125017/b80098n/c2pa-rs-125017/cli/tests/fixtures/ingredient_test.json from ingest queue
2025-08-14 10:18:24,353 - Knowledge - INFO - worker kw17 created with dedicated MongoDB connection (total: 17)
2025-08-14 10:18:24,127 - Knowledge - INFO - worker kw5 pull /app/data/T0015/125017/b80098n/c2pa-rs-125017/cli/docs/nightly-builds/README.md from ingest queue
2025-08-14 10:18:24,402 - Knowledge - INFO - worker kw6 pull /app/data/T0015/125017/b80098n/c2pa-rs-125017/cli/tests/fixtures/do_not_train.json from ingest queue
2025-08-14 10:18:24,402 - Knowledge - INFO - adding /app/data/T0015/125017/b80098n/c2pa-rs-125017/cli/deny.toml to ingest queue
2025-08-14 10:18:24,560 - Knowledge - INFO - process ingested knowledge for /app/data/T0015/125017/b80098n/c2pa-rs-125017/cli/CODE_OF_CONDUCT.md
2025-08-14 10:18:24,603 - Knowledge - INFO - Found code_base: <app.utils.kg_build.knowledge.KnowledgeCodeBase object at 0x7f212a2b1350>
2025-08-14 10:18:24,710 - Knowledge - INFO - Found code_base: <app.utils.kg_build.knowledge.KnowledgeCodeBase object at 0x7f212a2b1350>
2025-08-14 10:18:24,830 - Knowledge - INFO - process ingested knowledge for /app/data/T0015/125017/b80098n/c2pa-rs-125017/cli/README.md
2025-08-14 10:18:24,886 - Knowledge - INFO - Found code_base: <app.utils.kg_build.knowledge.KnowledgeCodeBase object at 0x7f212a2b1350>
2025-08-14 10:18:25,855 - Knowledge - INFO - persist ingested knowledge for /app/data/T0015/125017/b80098n/c2pa-rs-125017/cli/docs/release-notes.md
2025-08-14 10:18:25,076 - Knowledge - INFO - knowledge worker kw17 start
2025-08-14 10:18:25,079 - Knowledge - INFO - worker kw18 created with dedicated MongoDB connection (total: 18)
2025-08-14 10:18:25,186 - Knowledge - INFO - process ingested knowledge for /app/data/T0015/125017/b80098n/c2pa-rs-125017/cli/docs/nightly-builds/README.md
2025-08-14 10:18:25,259 - Knowledge - INFO - process ingested knowledge for /app/data/T0015/125017/b80098n/c2pa-rs-125017/cli/tests/fixtures/do_not_train.json
2025-08-14 10:18:25,352 - Knowledge - INFO - adding /app/data/T0015/125017/b80098n/c2pa-rs-125017/cli/Cargo.toml to ingest queue
2025-08-14 10:18:25,541 - Knowledge - INFO - persist ingested knowledge for /app/data/T0015/125017/b80098n/c2pa-rs-125017/cli/docs/project-contributions.md
2025-08-14 10:18:25,655 - Knowledge - INFO - persist ingested knowledge for /app/data/T0015/125017/b80098n/c2pa-rs-125017/cli/docs/manifest.md
2025-08-14 10:18:25,019 - Knowledge - INFO - process ingested knowledge for /app/data/T0015/125017/b80098n/c2pa-rs-125017/cli/tests/fixtures/ingredient_test.json
2025-08-14 10:18:26,129 - Knowledge - INFO - knowledge worker kw18 start
2025-08-14 10:18:26,131 - Knowledge - INFO - worker kw19 created with dedicated MongoDB connection (total: 19)
2025-08-14 10:18:26,389 - Knowledge - INFO - worker kw14 pull /app/data/T0015/125017/b80098n/c2pa-rs-125017/cli/tests/fixtures/ingredient/ingredient.json from ingest queue
2025-08-14 10:18:26,390 - Knowledge - INFO - adding /app/data/T0015/125017/b80098n/c2pa-rs-125017/cli/docs/usage.md to ingest queue
2025-08-14 10:18:26,888 - Knowledge - INFO - knowledge worker kw19 start
2025-08-14 10:18:26,890 - Knowledge - INFO - worker kw20 created with dedicated MongoDB connection (total: 20)
2025-08-14 10:18:26,992 - Knowledge - INFO - process ingested knowledge for /app/data/T0015/125017/b80098n/c2pa-rs-125017/cli/tests/fixtures/ingredient/ingredient.json
2025-08-14 10:18:27,077 - Knowledge - INFO - adding /app/data/T0015/125017/b80098n/c2pa-rs-125017/cli/docs/x_509.md to ingest queue
2025-08-14 10:18:27,237 - Knowledge - INFO - knowledge worker kw20 start
2025-08-14 10:18:27,239 - Knowledge - WARNING - High connection count: 21 connections active
2025-08-14 10:18:27,574 - Knowledge - INFO - worker kw21 created with dedicated MongoDB connection (total: 21)
2025-08-14 10:18:27,425 - Knowledge - INFO - adding /app/data/T0015/125017/b80098n/c2pa-rs-125017/cli/schemas/manifest-definition.json to ingest queue
2025-08-14 10:18:27,654 - Knowledge - INFO - knowledge worker kw21 start
2025-08-14 10:18:27,656 - Knowledge - WARNING - High connection count: 22 connections active
2025-08-14 10:18:27,731 - Knowledge - INFO - worker kw15 pull /app/data/T0015/125017/b80098n/c2pa-rs-125017/cli/tests/integration.rs from ingest queue
2025-08-14 10:18:27,731 - Knowledge - INFO - worker kw16 pull /app/data/T0015/125017/b80098n/c2pa-rs-125017/cli/SECURITY.md from ingest queue
2025-08-14 10:18:27,733 - Knowledge - INFO - worker kw2 pull /app/data/T0015/125017/b80098n/c2pa-rs-125017/cli/CONTRIBUTING.md from ingest queue
2025-08-14 10:18:27,733 - Knowledge - INFO - Found code-base-name: https://github.com/kavia-common/c2pa-rs-125017.git:kavia-c2patool-main
2025-08-14 10:18:27,789 - Knowledge - INFO - adding /app/data/T0015/125017/b80098n/c2pa-rs-125017/cli/docs/release-notes.md to ingest queue
2025-08-14 10:18:27,919 - Knowledge - INFO - worker kw22 created with dedicated MongoDB connection (total: 22)
2025-08-14 10:18:28,050 - Knowledge - INFO - process ingested knowledge for /app/data/T0015/125017/b80098n/c2pa-rs-125017/cli/tests/integration.rs
2025-08-14 10:18:28,140 - Knowledge - INFO - process ingested knowledge for /app/data/T0015/125017/b80098n/c2pa-rs-125017/cli/SECURITY.md
2025-08-14 10:18:28,216 - Knowledge - INFO - process ingested knowledge for /app/data/T0015/125017/b80098n/c2pa-rs-125017/cli/CONTRIBUTING.md
2025-08-14 10:18:28,264 - Knowledge - INFO - Found code_base: <app.utils.kg_build.knowledge.KnowledgeCodeBase object at 0x7f212a2b1350>
2025-08-14 10:18:28,371 - Knowledge - INFO - Found code-base-name: https://github.com/kavia-common/c2pa-rs-125017.git:kavia-c2patool-main
2025-08-14 10:18:28,371 - Knowledge - INFO - Found code-base-name: https://github.com/kavia-common/c2pa-rs-125017.git:kavia-c2patool-main
2025-08-14 10:18:28,372 - Knowledge - INFO - worker kw8 pull /app/data/T0015/125017/b80098n/c2pa-rs-125017/cli/CHANGELOG.md from ingest queue
2025-08-14 10:18:28,431 - Knowledge - INFO - Found code-base-name: https://github.com/kavia-common/c2pa-rs-125017.git:kavia-c2patool-main
2025-08-14 10:18:28,431 - Knowledge - INFO - worker kw18 pull /app/data/T0015/125017/b80098n/c2pa-rs-125017/cli/rustfmt.toml from ingest queue
2025-08-14 10:18:28,431 - Knowledge - INFO - worker kw3 pull /app/data/T0015/125017/b80098n/c2pa-rs-125017/cli/src/main.rs from ingest queue
2025-08-14 10:18:28,433 - Knowledge - INFO - worker kw19 pull /app/data/T0015/125017/b80098n/c2pa-rs-125017/cli/src/tree.rs from ingest queue
2025-08-14 10:18:28,433 - Knowledge - INFO - worker kw9 pull /app/data/T0015/125017/b80098n/c2pa-rs-125017/cli/src/signer.rs from ingest queue
2025-08-14 10:18:28,433 - Knowledge - INFO - worker kw20 pull /app/data/T0015/125017/b80098n/c2pa-rs-125017/cli/src/callback_signer.rs from ingest queue
2025-08-14 10:18:28,433 - Knowledge - INFO - Found code-base-name: https://github.com/kavia-common/c2pa-rs-125017.git:kavia-c2patool-main
2025-08-14 10:18:28,434 - Knowledge - INFO - worker kw17 pull /app/data/T0015/125017/b80098n/c2pa-rs-125017/cli/src/info.rs from ingest queue
2025-08-14 10:18:28,434 - Knowledge - INFO - worker kw21 pull /app/data/T0015/125017/b80098n/c2pa-rs-125017/cli/sample/test.json from ingest queue
2025-08-14 10:18:28,435 - Knowledge - INFO - worker kw11 pull /app/data/T0015/125017/b80098n/c2pa-rs-125017/cli/schemas/ingredient.json from ingest queue
2025-08-14 10:18:28,457 - Knowledge - INFO - knowledge worker kw22 start
2025-08-14 10:18:28,459 - Knowledge - WARNING - High connection count: 23 connections active
2025-08-14 10:18:28,503 - Knowledge - INFO - Found code-base-name: https://github.com/kavia-common/c2pa-rs-125017.git:kavia-c2patool-main
2025-08-14 10:18:28,504 - Knowledge - INFO - adding /app/data/T0015/125017/b80098n/c2pa-rs-125017/cli/docs/project-contributions.md to ingest queue
2025-08-14 10:18:28,889 - Knowledge - INFO - persist ingested knowledge for /app/data/T0015/125017/b80098n/c2pa-rs-125017/cli/CODE_OF_CONDUCT.md
2025-08-14 10:18:28,981 - Knowledge - INFO - Found code_base: <app.utils.kg_build.knowledge.KnowledgeCodeBase object at 0x7f212a2b1350>
2025-08-14 10:18:29,087 - Knowledge - INFO - Found code_base: <app.utils.kg_build.knowledge.KnowledgeCodeBase object at 0x7f212a2b1350>
2025-08-14 10:18:29,208 - Knowledge - INFO - process ingested knowledge for /app/data/T0015/125017/b80098n/c2pa-rs-125017/cli/CHANGELOG.md
2025-08-14 10:18:29,264 - Knowledge - INFO - Found code_base: <app.utils.kg_build.knowledge.KnowledgeCodeBase object at 0x7f212a2b1350>
2025-08-14 10:18:29,415 - Knowledge - INFO - process ingested knowledge for /app/data/T0015/125017/b80098n/c2pa-rs-125017/cli/rustfmt.toml
2025-08-14 10:18:29,487 - Knowledge - INFO - Thread kw3 - File main.rs - Remaining files in queue: 6
2025-08-14 10:18:29,567 - Knowledge - INFO - Thread kw19 - File tree.rs - Remaining files in queue: 6
2025-08-14 10:18:29,670 - Knowledge - INFO - Thread kw9 - File signer.rs - Remaining files in queue: 6
2025-08-14 10:18:29,816 - Knowledge - INFO - Thread kw20 - File callback_signer.rs - Remaining files in queue: 6
2025-08-14 10:18:29,902 - Knowledge - INFO - Found code_base: <app.utils.kg_build.knowledge.KnowledgeCodeBase object at 0x7f212a2b1350>
2025-08-14 10:18:29,993 - Knowledge - INFO - Thread kw17 - File info.rs - Remaining files in queue: 6
2025-08-14 10:18:30,115 - Knowledge - INFO - Thread kw21 - File test.json - Remaining files in queue: 6
2025-08-14 10:18:30,198 - Knowledge - INFO - Thread kw11 - File ingredient.json - Remaining files in queue: 6
2025-08-14 10:18:30,408 - Knowledge - INFO - worker kw23 created with dedicated MongoDB connection (total: 23)
2025-08-14 10:18:30,518 - Knowledge - INFO - Found code_base: <app.utils.kg_build.knowledge.KnowledgeCodeBase object at 0x7f212a2b1350>
2025-08-14 10:18:30,626 - Knowledge - INFO - adding /app/data/T0015/125017/b80098n/c2pa-rs-125017/cli/docs/manifest.md to ingest queue
2025-08-14 10:18:30,788 - Knowledge - INFO - persist ingested knowledge for /app/data/T0015/125017/b80098n/c2pa-rs-125017/cli/docs/nightly-builds/README.md
2025-08-14 10:18:30,867 - Knowledge - INFO - persist ingested knowledge for /app/data/T0015/125017/b80098n/c2pa-rs-125017/cli/tests/fixtures/do_not_train.json
2025-08-14 10:18:31,070 - Knowledge - INFO - persist ingested knowledge for /app/data/T0015/125017/b80098n/c2pa-rs-125017/cli/tests/fixtures/ingredient_test.json
2025-08-14 10:18:31,269 - Knowledge - INFO - start ingest for /app/data/T0015/125017/b80098n/c2pa-rs-125017/cli/src/main.rs
2025-08-14 10:18:31,344 - Knowledge - INFO - start ingest for /app/data/T0015/125017/b80098n/c2pa-rs-125017/cli/src/tree.rs
2025-08-14 10:18:31,452 - Knowledge - INFO - start ingest for /app/data/T0015/125017/b80098n/c2pa-rs-125017/cli/src/signer.rs
2025-08-14 10:18:31,542 - Knowledge - INFO - start ingest for /app/data/T0015/125017/b80098n/c2pa-rs-125017/cli/src/callback_signer.rs
2025-08-14 10:18:31,607 - Knowledge - INFO - persist ingested knowledge for /app/data/T0015/125017/b80098n/c2pa-rs-125017/cli/README.md
2025-08-14 10:18:31,691 - Knowledge - INFO - start ingest for /app/data/T0015/125017/b80098n/c2pa-rs-125017/cli/src/info.rs
2025-08-14 10:18:31,809 - Knowledge - INFO - start ingest for /app/data/T0015/125017/b80098n/c2pa-rs-125017/cli/sample/test.json
2025-08-14 10:18:31,898 - Knowledge - INFO - start ingest for /app/data/T0015/125017/b80098n/c2pa-rs-125017/cli/schemas/ingredient.json
2025-08-14 10:18:32,008 - Knowledge - INFO - knowledge worker kw23 start
2025-08-14 10:18:32,010 - Knowledge - WARNING - High connection count: 24 connections active
2025-08-14 10:18:32,083 - Knowledge - INFO - persist ingested knowledge for /app/data/T0015/125017/b80098n/c2pa-rs-125017/cli/tests/fixtures/ingredient/ingredient.json
2025-08-14 10:18:32,160 - Knowledge - INFO - worker kw1 pull /app/data/T0015/125017/b80098n/c2pa-rs-125017/cli/deny.toml from ingest queue
2025-08-14 10:18:32,162 - Knowledge - INFO - Found code-base-name: https://github.com/kavia-common/c2pa-rs-125017.git:kavia-c2patool-main
2025-08-14 10:18:32,162 - Knowledge - INFO - Found code-base-name: https://github.com/kavia-common/c2pa-rs-125017.git:kavia-c2patool-main
2025-08-14 10:18:32,162 - Knowledge - INFO - Found code-base-name: https://github.com/kavia-common/c2pa-rs-125017.git:kavia-c2patool-main
2025-08-14 10:18:32,163 - Knowledge - INFO - worker kw22 pull /app/data/T0015/125017/b80098n/c2pa-rs-125017/cli/Cargo.toml from ingest queue
2025-08-14 10:18:32,163 - Knowledge - INFO - worker kw10 pull /app/data/T0015/125017/b80098n/c2pa-rs-125017/cli/docs/usage.md from ingest queue
2025-08-14 10:18:32,163 - Knowledge - INFO - Found code-base-name: https://github.com/kavia-common/c2pa-rs-125017.git:kavia-c2patool-main
2025-08-14 10:18:32,163 - Knowledge - INFO - Found code-base-name: https://github.com/kavia-common/c2pa-rs-125017.git:kavia-c2patool-main
2025-08-14 10:18:32,163 - Knowledge - INFO - worker kw4 pull /app/data/T0015/125017/b80098n/c2pa-rs-125017/cli/docs/x_509.md from ingest queue
2025-08-14 10:18:32,216 - Knowledge - INFO - adding /app/data/T0015/125017/b80098n/c2pa-rs-125017/cli/CODE_OF_CONDUCT.md to ingest queue
2025-08-14 10:18:32,953 - Knowledge - INFO - Fast-track processing for simple file: /app/data/T0015/125017/b80098n/c2pa-rs-125017/cli/sample/test.json
2025-08-14 10:18:33,046 - Knowledge - INFO - Fast-track processing for simple file: /app/data/T0015/125017/b80098n/c2pa-rs-125017/cli/schemas/ingredient.json
2025-08-14 10:18:33,207 - Knowledge - INFO - worker kw24 created with dedicated MongoDB connection (total: 24)
2025-08-14 10:18:33,366 - Knowledge - INFO - Thread kw1 - File deny.toml - Remaining files in queue: 4
2025-08-14 10:18:33,446 - Knowledge - INFO - Found code_base: <app.utils.kg_build.knowledge.KnowledgeCodeBase object at 0x7f212a2b1350>
2025-08-14 10:18:33,518 - Knowledge - INFO - Found code_base: <app.utils.kg_build.knowledge.KnowledgeCodeBase object at 0x7f212a2b1350>
2025-08-14 10:18:33,605 - Knowledge - INFO - Found code_base: <app.utils.kg_build.knowledge.KnowledgeCodeBase object at 0x7f212a2b1350>
2025-08-14 10:18:33,703 - Knowledge - INFO - Thread kw22 - File Cargo.toml - Remaining files in queue: 4
2025-08-14 10:18:33,787 - Knowledge - INFO - Thread kw10 - File usage.md - Remaining files in queue: 4
2025-08-14 10:18:33,859 - Knowledge - INFO - Found code_base: <app.utils.kg_build.knowledge.KnowledgeCodeBase object at 0x7f212a2b1350>
2025-08-14 10:18:33,929 - Knowledge - INFO - Found code_base: <app.utils.kg_build.knowledge.KnowledgeCodeBase object at 0x7f212a2b1350>
2025-08-14 10:18:33,999 - Knowledge - INFO - Thread kw4 - File x_509.md - Remaining files in queue: 4
2025-08-14 10:18:34,181 - Knowledge - INFO - done fast ingest for /app/data/T0015/125017/b80098n/c2pa-rs-125017/cli/sample/test.json
2025-08-14 10:18:34,276 - Knowledge - INFO - done fast ingest for /app/data/T0015/125017/b80098n/c2pa-rs-125017/cli/schemas/ingredient.json
2025-08-14 10:18:35,370 - Knowledge - INFO - process ingested knowledge for /app/data/T0015/125017/b80098n/c2pa-rs-125017/cli/schemas/ingredient.json
2025-08-14 10:18:34,383 - Knowledge - INFO - knowledge worker kw24 start
2025-08-14 10:18:34,386 - Knowledge - WARNING - High connection count: 25 connections active
2025-08-14 10:18:34,396 - Knowledge - INFO - worker kw12 pull /app/data/T0015/125017/b80098n/c2pa-rs-125017/cli/docs/release-notes.md from ingest queue
2025-08-14 10:18:34,397 - Knowledge - INFO - adding /app/data/T0015/125017/b80098n/c2pa-rs-125017/cli/docs/nightly-builds/README.md to ingest queue
2025-08-14 10:18:34,475 - Knowledge - INFO - start ingest for /app/data/T0015/125017/b80098n/c2pa-rs-125017/cli/deny.toml
2025-08-14 10:18:34,595 - Knowledge - INFO - persist ingested knowledge for /app/data/T0015/125017/b80098n/c2pa-rs-125017/cli/tests/integration.rs
2025-08-14 10:18:34,697 - Knowledge - INFO - persist ingested knowledge for /app/data/T0015/125017/b80098n/c2pa-rs-125017/cli/SECURITY.md
2025-08-14 10:18:34,788 - Knowledge - INFO - persist ingested knowledge for /app/data/T0015/125017/b80098n/c2pa-rs-125017/cli/CONTRIBUTING.md
2025-08-14 10:18:34,862 - Knowledge - INFO - start ingest for /app/data/T0015/125017/b80098n/c2pa-rs-125017/cli/Cargo.toml
2025-08-14 10:18:34,933 - Knowledge - INFO - start ingest for /app/data/T0015/125017/b80098n/c2pa-rs-125017/cli/docs/usage.md
2025-08-14 10:18:35,040 - Knowledge - INFO - persist ingested knowledge for /app/data/T0015/125017/b80098n/c2pa-rs-125017/cli/CHANGELOG.md
2025-08-14 10:18:35,159 - Knowledge - INFO - persist ingested knowledge for /app/data/T0015/125017/b80098n/c2pa-rs-125017/cli/rustfmt.toml
2025-08-14 10:18:35,232 - Knowledge - INFO - start ingest for /app/data/T0015/125017/b80098n/c2pa-rs-125017/cli/docs/x_509.md
2025-08-14 10:18:35,305 - Knowledge - INFO - process ingested knowledge for /app/data/T0015/125017/b80098n/c2pa-rs-125017/cli/sample/test.json
2025-08-14 10:18:34,341 - Knowledge - INFO - worker kw23 pull /app/data/T0015/125017/b80098n/c2pa-rs-125017/cli/schemas/manifest-definition.json from ingest queue
2025-08-14 10:18:37,000 - Knowledge - INFO - Thread kw23 - File manifest-definition.json - Remaining files in queue: 4
2025-08-14 10:18:35,667 - Knowledge - INFO - Thread kw12 - File release-notes.md - Remaining files in queue: 3
2025-08-14 10:18:35,765 - Knowledge - INFO - adding /app/data/T0015/125017/b80098n/c2pa-rs-125017/cli/tests/fixtures/ingredient_test.json to ingest queue
2025-08-14 10:18:36,487 - Knowledge - INFO - Fast-track processing for simple file: /app/data/T0015/125017/b80098n/c2pa-rs-125017/cli/docs/usage.md
2025-08-14 10:18:37,387 - Knowledge - INFO - done fast ingest for /app/data/T0015/125017/b80098n/c2pa-rs-125017/cli/docs/usage.md
2025-08-14 10:18:35,605 - Knowledge - INFO - worker kw25 created with dedicated MongoDB connection (total: 25)
2025-08-14 10:18:37,103 - Knowledge - INFO - start ingest for /app/data/T0015/125017/b80098n/c2pa-rs-125017/cli/schemas/manifest-definition.json
2025-08-14 10:18:37,185 - Knowledge - INFO - start ingest for /app/data/T0015/125017/b80098n/c2pa-rs-125017/cli/docs/release-notes.md
2025-08-14 10:18:37,306 - Knowledge - INFO - adding /app/data/T0015/125017/b80098n/c2pa-rs-125017/cli/README.md to ingest queue
2025-08-14 10:18:36,774 - Knowledge - INFO - Fast-track processing for simple file: /app/data/T0015/125017/b80098n/c2pa-rs-125017/cli/docs/x_509.md
2025-08-14 10:18:37,865 - Knowledge - INFO - done fast ingest for /app/data/T0015/125017/b80098n/c2pa-rs-125017/cli/docs/x_509.md
2025-08-14 10:18:37,532 - Knowledge - INFO - knowledge worker kw25 start
2025-08-14 10:18:37,617 - Knowledge - INFO - Fast-track processing for simple file: /app/data/T0015/125017/b80098n/c2pa-rs-125017/cli/schemas/manifest-definition.json
2025-08-14 10:18:37,690 - Knowledge - INFO - Fast-track processing for simple file: /app/data/T0015/125017/b80098n/c2pa-rs-125017/cli/docs/release-notes.md
2025-08-14 10:18:37,771 - Knowledge - INFO - adding /app/data/T0015/125017/b80098n/c2pa-rs-125017/cli/tests/fixtures/do_not_train.json to ingest queue
2025-08-14 10:18:37,466 - Knowledge - INFO - process ingested knowledge for /app/data/T0015/125017/b80098n/c2pa-rs-125017/cli/docs/usage.md
2025-08-14 10:18:37,934 - Knowledge - INFO - process ingested knowledge for /app/data/T0015/125017/b80098n/c2pa-rs-125017/cli/docs/x_509.md
2025-08-14 10:18:38,155 - Knowledge - INFO - done fast ingest for /app/data/T0015/125017/b80098n/c2pa-rs-125017/cli/schemas/manifest-definition.json
2025-08-14 10:18:38,256 - Knowledge - INFO - done fast ingest for /app/data/T0015/125017/b80098n/c2pa-rs-125017/cli/docs/release-notes.md
2025-08-14 10:18:38,771 - Knowledge - INFO - process ingested knowledge for /app/data/T0015/125017/b80098n/c2pa-rs-125017/cli/docs/release-notes.md
2025-08-14 10:18:38,671 - Knowledge - INFO - process ingested knowledge for /app/data/T0015/125017/b80098n/c2pa-rs-125017/cli/schemas/manifest-definition.json
2025-08-14 10:18:38,359 - Knowledge - INFO - adding /app/data/T0015/125017/b80098n/c2pa-rs-125017/cli/tests/fixtures/ingredient/ingredient.json to ingest queue
2025-08-14 10:18:39,171 - Knowledge - INFO - Found code-base-name: https://github.com/kavia-common/c2pa-rs-125017.git:kavia-c2patool-main
2025-08-14 10:18:39,177 - Knowledge - INFO - worker kw24 pull /app/data/T0015/125017/b80098n/c2pa-rs-125017/cli/docs/project-contributions.md from ingest queue
2025-08-14 10:18:39,203 - Knowledge - INFO - worker kw5 pull /app/data/T0015/125017/b80098n/c2pa-rs-125017/cli/docs/manifest.md from ingest queue
2025-08-14 10:18:39,280 - Knowledge - INFO - Found code_base: <app.utils.kg_build.knowledge.KnowledgeCodeBase object at 0x7f212a2b1350>
2025-08-14 10:18:39,378 - Knowledge - INFO - Thread kw24 - File project-contributions.md - Remaining files in queue: 6
2025-08-14 10:18:39,460 - Knowledge - INFO - Thread kw5 - File manifest.md - Remaining files in queue: 6
2025-08-14 10:18:39,556 - Knowledge - INFO - persist ingested knowledge for /app/data/T0015/125017/b80098n/c2pa-rs-125017/cli/schemas/ingredient.json
2025-08-14 10:18:39,643 - Knowledge - INFO - start ingest for /app/data/T0015/125017/b80098n/c2pa-rs-125017/cli/docs/project-contributions.md
2025-08-14 10:18:39,725 - Knowledge - INFO - start ingest for /app/data/T0015/125017/b80098n/c2pa-rs-125017/cli/docs/manifest.md
2025-08-14 10:18:39,734 - Knowledge - INFO - Found code-base-name: https://github.com/kavia-common/c2pa-rs-125017.git:kavia-c2patool-main
2025-08-14 10:18:39,737 - Knowledge - INFO - worker kw7 pull /app/data/T0015/125017/b80098n/c2pa-rs-125017/cli/CODE_OF_CONDUCT.md from ingest queue
2025-08-14 10:18:40,243 - Knowledge - INFO - Thread kw7 - File CODE_OF_CONDUCT.md - Remaining files in queue: 2
2025-08-14 10:18:39,743 - Knowledge - INFO - worker kw6 pull /app/data/T0015/125017/b80098n/c2pa-rs-125017/cli/tests/fixtures/ingredient_test.json from ingest queue
2025-08-14 10:18:39,743 - Knowledge - INFO - Found code-base-name: https://github.com/kavia-common/c2pa-rs-125017.git:kavia-c2patool-main
2025-08-14 10:18:39,744 - Knowledge - INFO - Found code-base-name: https://github.com/kavia-common/c2pa-rs-125017.git:kavia-c2patool-main
2025-08-14 10:18:39,747 - Knowledge - INFO - worker kw14 pull /app/data/T0015/125017/b80098n/c2pa-rs-125017/cli/README.md from ingest queue
2025-08-14 10:18:39,890 - Knowledge - INFO - adding /app/data/T0015/125017/b80098n/c2pa-rs-125017/cli/CONTRIBUTING.md to ingest queue
2025-08-14 10:18:39,992 - Knowledge - INFO - Fast-track processing for simple file: /app/data/T0015/125017/b80098n/c2pa-rs-125017/cli/docs/project-contributions.md
2025-08-14 10:18:40,062 - Knowledge - INFO - Fast-track processing for simple file: /app/data/T0015/125017/b80098n/c2pa-rs-125017/cli/docs/manifest.md
2025-08-14 10:18:40,118 - Knowledge - INFO - Found code_base: <app.utils.kg_build.knowledge.KnowledgeCodeBase object at 0x7f212a2b1350>
2025-08-14 10:18:39,739 - Knowledge - INFO - worker kw13 pull /app/data/T0015/125017/b80098n/c2pa-rs-125017/cli/docs/nightly-builds/README.md from ingest queue
2025-08-14 10:18:40,335 - Knowledge - INFO - start ingest for /app/data/T0015/125017/b80098n/c2pa-rs-125017/cli/CODE_OF_CONDUCT.md
2025-08-14 10:18:40,426 - Knowledge - INFO - Thread kw6 - File ingredient_test.json - Remaining files in queue: 2
2025-08-14 10:18:40,527 - Knowledge - INFO - Found code_base: <app.utils.kg_build.knowledge.KnowledgeCodeBase object at 0x7f212a2b1350>
2025-08-14 10:18:40,607 - Knowledge - INFO - Found code_base: <app.utils.kg_build.knowledge.KnowledgeCodeBase object at 0x7f212a2b1350>
2025-08-14 10:18:40,695 - Knowledge - INFO - Thread kw14 - File README.md - Remaining files in queue: 2
2025-08-14 10:18:40,810 - Knowledge - INFO - adding /app/data/T0015/125017/b80098n/c2pa-rs-125017/cli/CHANGELOG.md to ingest queue
2025-08-14 10:18:40,935 - Knowledge - INFO - done fast ingest for /app/data/T0015/125017/b80098n/c2pa-rs-125017/cli/docs/project-contributions.md
2025-08-14 10:18:41,057 - Knowledge - INFO - done fast ingest for /app/data/T0015/125017/b80098n/c2pa-rs-125017/cli/docs/manifest.md
2025-08-14 10:18:42,111 - Knowledge - INFO - process ingested knowledge for /app/data/T0015/125017/b80098n/c2pa-rs-125017/cli/docs/manifest.md
2025-08-14 10:18:41,232 - Knowledge - INFO - Thread kw13 - File README.md - Remaining files in queue: 3
2025-08-14 10:18:41,361 - Knowledge - INFO - Fast-track processing for simple file: /app/data/T0015/125017/b80098n/c2pa-rs-125017/cli/CODE_OF_CONDUCT.md
2025-08-14 10:18:41,439 - Knowledge - INFO - start ingest for /app/data/T0015/125017/b80098n/c2pa-rs-125017/cli/tests/fixtures/ingredient_test.json
2025-08-14 10:18:41,552 - Knowledge - INFO - persist ingested knowledge for /app/data/T0015/125017/b80098n/c2pa-rs-125017/cli/docs/x_509.md
2025-08-14 10:18:41,662 - Knowledge - INFO - done ingest for /app/data/T0015/125017/b80098n/c2pa-rs-125017/cli/Cargo.toml
2025-08-14 10:18:41,664 - Knowledge - INFO - persist ingested knowledge for /app/data/T0015/125017/b80098n/c2pa-rs-125017/cli/schemas/manifest-definition.json
2025-08-14 10:18:41,671 - Knowledge - INFO - done ingest for /app/data/T0015/125017/b80098n/c2pa-rs-125017/cli/deny.toml
2025-08-14 10:18:41,751 - Knowledge - INFO - start ingest for /app/data/T0015/125017/b80098n/c2pa-rs-125017/cli/README.md
2025-08-14 10:18:41,873 - Knowledge - INFO - adding /app/data/T0015/125017/b80098n/c2pa-rs-125017/cli/rustfmt.toml to ingest queue
2025-08-14 10:18:41,989 - Knowledge - INFO - process ingested knowledge for /app/data/T0015/125017/b80098n/c2pa-rs-125017/cli/docs/project-contributions.md
2025-08-14 10:18:41,142 - Knowledge - INFO - persist ingested knowledge for /app/data/T0015/125017/b80098n/c2pa-rs-125017/cli/sample/test.json
2025-08-14 10:18:42,329 - Knowledge - INFO - start ingest for /app/data/T0015/125017/b80098n/c2pa-rs-125017/cli/docs/nightly-builds/README.md
2025-08-14 10:18:42,447 - Knowledge - INFO - done fast ingest for /app/data/T0015/125017/b80098n/c2pa-rs-125017/cli/CODE_OF_CONDUCT.md
2025-08-14 10:18:42,560 - Knowledge - INFO - Fast-track processing for simple file: /app/data/T0015/125017/b80098n/c2pa-rs-125017/cli/tests/fixtures/ingredient_test.json
2025-08-14 10:18:42,753 - Knowledge - INFO - process ingested knowledge for /app/data/T0015/125017/b80098n/c2pa-rs-125017/cli/Cargo.toml
2025-08-14 10:18:42,946 - Knowledge - INFO - process ingested knowledge for /app/data/T0015/125017/b80098n/c2pa-rs-125017/cli/deny.toml
2025-08-14 10:18:43,091 - Knowledge - INFO - Fast-track processing for simple file: /app/data/T0015/125017/b80098n/c2pa-rs-125017/cli/README.md
2025-08-14 10:18:43,966 - Knowledge - INFO - done fast ingest for /app/data/T0015/125017/b80098n/c2pa-rs-125017/cli/README.md
2025-08-14 10:18:43,131 - Knowledge - INFO - Found code-base-name: https://github.com/kavia-common/c2pa-rs-125017.git:kavia-c2patool-main
2025-08-14 10:18:43,142 - Knowledge - INFO - Found code-base-name: https://github.com/kavia-common/c2pa-rs-125017.git:kavia-c2patool-main
2025-08-14 10:18:43,146 - Knowledge - INFO - adding /app/data/T0015/125017/b80098n/c2pa-rs-125017/cli/tests/integration.rs to ingest queue
2025-08-14 10:18:43,470 - Knowledge - INFO - Fast-track processing for simple file: /app/data/T0015/125017/b80098n/c2pa-rs-125017/cli/docs/nightly-builds/README.md
2025-08-14 10:18:43,566 - Knowledge - INFO - process ingested knowledge for /app/data/T0015/125017/b80098n/c2pa-rs-125017/cli/CODE_OF_CONDUCT.md
2025-08-14 10:18:43,646 - Knowledge - INFO - done fast ingest for /app/data/T0015/125017/b80098n/c2pa-rs-125017/cli/tests/fixtures/ingredient_test.json
2025-08-14 10:18:43,129 - Knowledge - INFO - worker kw25 pull /app/data/T0015/125017/b80098n/c2pa-rs-125017/cli/tests/fixtures/do_not_train.json from ingest queue
2025-08-14 10:18:44,048 - Knowledge - INFO - process ingested knowledge for /app/data/T0015/125017/b80098n/c2pa-rs-125017/cli/README.md
2025-08-14 10:18:44,135 - Knowledge - INFO - Found code_base: <app.utils.kg_build.knowledge.KnowledgeCodeBase object at 0x7f212a2b1350>
2025-08-14 10:18:44,251 - Knowledge - INFO - Found code_base: <app.utils.kg_build.knowledge.KnowledgeCodeBase object at 0x7f212a2b1350>
2025-08-14 10:18:44,467 - Knowledge - INFO - done fast ingest for /app/data/T0015/125017/b80098n/c2pa-rs-125017/cli/docs/nightly-builds/README.md
2025-08-14 10:18:44,605 - Knowledge - INFO - adding /app/data/T0015/125017/b80098n/c2pa-rs-125017/cli/SECURITY.md to ingest queue
2025-08-14 10:18:44,665 - Knowledge - INFO - process ingested knowledge for /app/data/T0015/125017/b80098n/c2pa-rs-125017/cli/tests/fixtures/ingredient_test.json
2025-08-14 10:18:44,754 - Knowledge - INFO - Thread kw25 - File do_not_train.json - Remaining files in queue: 5
2025-08-14 10:18:44,926 - Knowledge - INFO - persist ingested knowledge for /app/data/T0015/125017/b80098n/c2pa-rs-125017/cli/docs/usage.md
2025-08-14 10:18:45,043 - Knowledge - INFO - persist ingested knowledge for /app/data/T0015/125017/b80098n/c2pa-rs-125017/cli/docs/release-notes.md
2025-08-14 10:18:45,140 - Knowledge - INFO - process ingested knowledge for /app/data/T0015/125017/b80098n/c2pa-rs-125017/cli/docs/nightly-builds/README.md
2025-08-14 10:18:45,151 - Knowledge - INFO - done ingest for /app/data/T0015/125017/b80098n/c2pa-rs-125017/cli/src/tree.rs
2025-08-14 10:18:45,232 - Knowledge - INFO - worker kw2 pull /app/data/T0015/125017/b80098n/c2pa-rs-125017/cli/tests/fixtures/ingredient/ingredient.json from ingest queue
2025-08-14 10:18:45,233 - Knowledge - INFO - worker kw8 pull /app/data/T0015/125017/b80098n/c2pa-rs-125017/cli/CONTRIBUTING.md from ingest queue
2025-08-14 10:18:45,410 - Knowledge - INFO - done ingest for /app/data/T0015/125017/b80098n/c2pa-rs-125017/cli/src/signer.rs
2025-08-14 10:18:45,419 - Knowledge - INFO - worker kw18 pull /app/data/T0015/125017/b80098n/c2pa-rs-125017/cli/CHANGELOG.md from ingest queue
2025-08-14 10:18:45,421 - Knowledge - INFO - Found code-base-name: https://github.com/kavia-common/c2pa-rs-125017.git:kavia-c2patool-main
2025-08-14 10:18:45,422 - Knowledge - INFO - Found code-base-name: https://github.com/kavia-common/c2pa-rs-125017.git:kavia-c2patool-main
2025-08-14 10:18:45,425 - Knowledge - INFO - Found code-base-name: https://github.com/kavia-common/c2pa-rs-125017.git:kavia-c2patool-main
2025-08-14 10:18:46,910 - Knowledge - INFO - Found code_base: <app.utils.kg_build.knowledge.KnowledgeCodeBase object at 0x7f212a2b1350>
2025-08-14 10:18:45,426 - Knowledge - INFO - Found code-base-name: https://github.com/kavia-common/c2pa-rs-125017.git:kavia-c2patool-main
2025-08-14 10:18:45,427 - Knowledge - INFO - Found code-base-name: https://github.com/kavia-common/c2pa-rs-125017.git:kavia-c2patool-main
2025-08-14 10:18:45,433 - Knowledge - INFO - Found code-base-name: https://github.com/kavia-common/c2pa-rs-125017.git:kavia-c2patool-main
2025-08-14 10:18:45,499 - Knowledge - INFO - start ingest for /app/data/T0015/125017/b80098n/c2pa-rs-125017/cli/tests/fixtures/do_not_train.json
2025-08-14 10:18:45,671 - Knowledge - INFO - Found code-base-name: https://github.com/kavia-common/c2pa-rs-125017.git:kavia-c2patool-main
2025-08-14 10:18:45,883 - Knowledge - INFO - worker kw4 pull /app/data/T0015/125017/b80098n/c2pa-rs-125017/cli/tests/integration.rs from ingest queue
2025-08-14 10:18:45,895 - Knowledge - INFO - worker kw11 pull /app/data/T0015/125017/b80098n/c2pa-rs-125017/cli/SECURITY.md from ingest queue
2025-08-14 10:18:45,979 - Knowledge - INFO - done ingest for /app/data/T0015/125017/b80098n/c2pa-rs-125017/cli/src/info.rs
2025-08-14 10:18:45,996 - Knowledge - INFO - process ingested knowledge for /app/data/T0015/125017/b80098n/c2pa-rs-125017/cli/src/tree.rs
2025-08-14 10:18:46,050 - Knowledge - INFO - Thread kw2 - File ingredient.json - Remaining files in queue: 0
2025-08-14 10:18:46,170 - Knowledge - INFO - Thread kw8 - File CONTRIBUTING.md - Remaining files in queue: 0
2025-08-14 10:18:46,448 - Knowledge - INFO - Thread kw18 - File CHANGELOG.md - Remaining files in queue: 0
2025-08-14 10:18:46,523 - Knowledge - INFO - process ingested knowledge for /app/data/T0015/125017/b80098n/c2pa-rs-125017/cli/src/signer.rs
2025-08-14 10:18:46,600 - Knowledge - INFO - Found code_base: <app.utils.kg_build.knowledge.KnowledgeCodeBase object at 0x7f212a2b1350>
2025-08-14 10:18:46,689 - Knowledge - INFO - Found code-base-name: https://github.com/kavia-common/c2pa-rs-125017.git:kavia-c2patool-main
2025-08-14 10:18:46,791 - Knowledge - INFO - Found code_base: <app.utils.kg_build.knowledge.KnowledgeCodeBase object at 0x7f212a2b1350>
2025-08-14 10:18:45,426 - Knowledge - INFO - worker kw15 pull /app/data/T0015/125017/b80098n/c2pa-rs-125017/cli/rustfmt.toml from ingest queue
2025-08-14 10:18:47,012 - Knowledge - INFO - persist ingested knowledge for /app/data/T0015/125017/b80098n/c2pa-rs-125017/cli/deny.toml
2025-08-14 10:18:47,106 - Knowledge - INFO - Found code_base: <app.utils.kg_build.knowledge.KnowledgeCodeBase object at 0x7f212a2b1350>
2025-08-14 10:18:47,192 - Knowledge - INFO - Found code_base: <app.utils.kg_build.knowledge.KnowledgeCodeBase object at 0x7f212a2b1350>
2025-08-14 10:18:47,306 - Knowledge - INFO - Found code_base: <app.utils.kg_build.knowledge.KnowledgeCodeBase object at 0x7f212a2b1350>
2025-08-14 10:18:47,503 - Knowledge - INFO - Fast-track processing for simple file: /app/data/T0015/125017/b80098n/c2pa-rs-125017/cli/tests/fixtures/do_not_train.json
2025-08-14 10:18:47,511 - Knowledge - INFO - Found code_base: <app.utils.kg_build.knowledge.KnowledgeCodeBase object at 0x7f212a2b1350>
2025-08-14 10:18:47,621 - Knowledge - INFO - Thread kw4 - File integration.rs - Remaining files in queue: 0
2025-08-14 10:18:47,723 - Knowledge - INFO - Thread kw11 - File SECURITY.md - Remaining files in queue: 0
2025-08-14 10:18:47,812 - Knowledge - INFO - process ingested knowledge for /app/data/T0015/125017/b80098n/c2pa-rs-125017/cli/src/info.rs
2025-08-14 10:18:47,896 - Knowledge - INFO - Found code-base-name: https://github.com/kavia-common/c2pa-rs-125017.git:kavia-c2patool-main
2025-08-14 10:18:49,652 - Knowledge - INFO - Found code_base: <app.utils.kg_build.knowledge.KnowledgeCodeBase object at 0x7f212a2b1350>
2025-08-14 10:18:48,044 - Knowledge - INFO - start ingest for /app/data/T0015/125017/b80098n/c2pa-rs-125017/cli/CONTRIBUTING.md
2025-08-14 10:18:48,127 - Knowledge - INFO - start ingest for /app/data/T0015/125017/b80098n/c2pa-rs-125017/cli/CHANGELOG.md
2025-08-14 10:18:48,199 - Knowledge - INFO - Found code-base-name: https://github.com/kavia-common/c2pa-rs-125017.git:kavia-c2patool-main
2025-08-14 10:18:48,306 - Knowledge - INFO - persist ingested knowledge for /app/data/T0015/125017/b80098n/c2pa-rs-125017/cli/docs/project-contributions.md
2025-08-14 10:18:48,392 - Knowledge - INFO - Found code_base: <app.utils.kg_build.knowledge.KnowledgeCodeBase object at 0x7f212a2b1350>
2025-08-14 10:18:48,473 - Knowledge - INFO - persist ingested knowledge for /app/data/T0015/125017/b80098n/c2pa-rs-125017/cli/Cargo.toml
2025-08-14 10:18:48,582 - Knowledge - INFO - Thread kw15 - File rustfmt.toml - Remaining files in queue: 0
2025-08-14 10:18:48,799 - Knowledge - INFO - persist ingested knowledge for /app/data/T0015/125017/b80098n/c2pa-rs-125017/cli/CODE_OF_CONDUCT.md
2025-08-14 10:18:48,905 - Knowledge - INFO - persist ingested knowledge for /app/data/T0015/125017/b80098n/c2pa-rs-125017/cli/README.md
2025-08-14 10:18:49,007 - Knowledge - INFO - persist ingested knowledge for /app/data/T0015/125017/b80098n/c2pa-rs-125017/cli/docs/manifest.md
2025-08-14 10:18:49,130 - Knowledge - INFO - done fast ingest for /app/data/T0015/125017/b80098n/c2pa-rs-125017/cli/tests/fixtures/do_not_train.json
2025-08-14 10:18:49,211 - Knowledge - INFO - persist ingested knowledge for /app/data/T0015/125017/b80098n/c2pa-rs-125017/cli/tests/fixtures/ingredient_test.json
2025-08-14 10:18:49,358 - Knowledge - INFO - start ingest for /app/data/T0015/125017/b80098n/c2pa-rs-125017/cli/tests/integration.rs
2025-08-14 10:18:49,451 - Knowledge - INFO - start ingest for /app/data/T0015/125017/b80098n/c2pa-rs-125017/cli/SECURITY.md
2025-08-14 10:18:49,576 - Knowledge - INFO - Found code-base-name: https://github.com/kavia-common/c2pa-rs-125017.git:kavia-c2patool-main
2025-08-14 10:18:47,977 - Knowledge - INFO - start ingest for /app/data/T0015/125017/b80098n/c2pa-rs-125017/cli/tests/fixtures/ingredient/ingredient.json
2025-08-14 10:18:49,732 - Knowledge - INFO - persist ingested knowledge for /app/data/T0015/125017/b80098n/c2pa-rs-125017/cli/src/tree.rs
2025-08-14 10:18:49,844 - Knowledge - INFO - Fast-track processing for simple file: /app/data/T0015/125017/b80098n/c2pa-rs-125017/cli/CONTRIBUTING.md
2025-08-14 10:18:49,985 - Knowledge - INFO - Fast-track processing for simple file: /app/data/T0015/125017/b80098n/c2pa-rs-125017/cli/CHANGELOG.md
2025-08-14 10:18:50,050 - Knowledge - INFO - Found code_base: <app.utils.kg_build.knowledge.KnowledgeCodeBase object at 0x7f212a2b1350>
2025-08-14 10:18:50,100 - Knowledge - INFO - done ingest for /app/data/T0015/125017/b80098n/c2pa-rs-125017/cli/src/callback_signer.rs
2025-08-14 10:18:50,258 - Knowledge - INFO - persist ingested knowledge for /app/data/T0015/125017/b80098n/c2pa-rs-125017/cli/docs/nightly-builds/README.md
2025-08-14 10:18:50,413 - Knowledge - INFO - start ingest for /app/data/T0015/125017/b80098n/c2pa-rs-125017/cli/rustfmt.toml
2025-08-14 10:18:50,762 - Knowledge - INFO - process ingested knowledge for /app/data/T0015/125017/b80098n/c2pa-rs-125017/cli/tests/fixtures/do_not_train.json
2025-08-14 10:18:50,986 - Knowledge - INFO - Fast-track processing for simple file: /app/data/T0015/125017/b80098n/c2pa-rs-125017/cli/SECURITY.md
2025-08-14 10:18:51,059 - Knowledge - INFO - Found code_base: <app.utils.kg_build.knowledge.KnowledgeCodeBase object at 0x7f212a2b1350>
2025-08-14 10:18:51,155 - Knowledge - INFO - Fast-track processing for simple file: /app/data/T0015/125017/b80098n/c2pa-rs-125017/cli/tests/fixtures/ingredient/ingredient.json
2025-08-14 10:18:51,320 - Knowledge - INFO - done fast ingest for /app/data/T0015/125017/b80098n/c2pa-rs-125017/cli/CONTRIBUTING.md
2025-08-14 10:18:51,392 - Knowledge - INFO - done fast ingest for /app/data/T0015/125017/b80098n/c2pa-rs-125017/cli/CHANGELOG.md
2025-08-14 10:18:51,476 - Knowledge - INFO - persist ingested knowledge for /app/data/T0015/125017/b80098n/c2pa-rs-125017/cli/src/signer.rs
2025-08-14 10:18:51,567 - Knowledge - INFO - process ingested knowledge for /app/data/T0015/125017/b80098n/c2pa-rs-125017/cli/src/callback_signer.rs
2025-08-14 10:18:51,750 - Knowledge - INFO - Fast-track processing for simple file: /app/data/T0015/125017/b80098n/c2pa-rs-125017/cli/rustfmt.toml
2025-08-14 10:18:51,863 - Knowledge - INFO - persist search terms embedding for cli/src/tree.rs
2025-08-14 10:18:51,906 - Knowledge - INFO - done fast ingest for /app/data/T0015/125017/b80098n/c2pa-rs-125017/cli/SECURITY.md
2025-08-14 10:18:52,002 - Knowledge - INFO - persist ingested knowledge for /app/data/T0015/125017/b80098n/c2pa-rs-125017/cli/src/info.rs
2025-08-14 10:18:52,079 - Knowledge - INFO - done fast ingest for /app/data/T0015/125017/b80098n/c2pa-rs-125017/cli/tests/fixtures/ingredient/ingredient.json
2025-08-14 10:18:52,171 - Knowledge - INFO - process ingested knowledge for /app/data/T0015/125017/b80098n/c2pa-rs-125017/cli/CONTRIBUTING.md
2025-08-14 10:18:52,252 - Knowledge - INFO - process ingested knowledge for /app/data/T0015/125017/b80098n/c2pa-rs-125017/cli/CHANGELOG.md
2025-08-14 10:18:52,496 - Knowledge - INFO - done fast ingest for /app/data/T0015/125017/b80098n/c2pa-rs-125017/cli/rustfmt.toml
2025-08-14 10:18:52,641 - Knowledge - INFO - process ingested knowledge for /app/data/T0015/125017/b80098n/c2pa-rs-125017/cli/SECURITY.md
2025-08-14 10:18:52,809 - Knowledge - INFO - process ingested knowledge for /app/data/T0015/125017/b80098n/c2pa-rs-125017/cli/tests/fixtures/ingredient/ingredient.json
2025-08-14 10:18:53,020 - Knowledge - INFO - persist search terms embedding for cli/src/signer.rs
2025-08-14 10:18:53,132 - Knowledge - INFO - process ingested knowledge for /app/data/T0015/125017/b80098n/c2pa-rs-125017/cli/rustfmt.toml
2025-08-14 10:18:53,493 - Knowledge - INFO - Found code-base-name: https://github.com/kavia-common/c2pa-rs-125017.git:kavia-c2patool-main
2025-08-14 10:18:53,505 - Knowledge - INFO - Found code-base-name: https://github.com/kavia-common/c2pa-rs-125017.git:kavia-c2patool-main
2025-08-14 10:18:53,508 - Knowledge - INFO - Found code-base-name: https://github.com/kavia-common/c2pa-rs-125017.git:kavia-c2patool-main
2025-08-14 10:18:53,508 - Knowledge - INFO - Found code-base-name: https://github.com/kavia-common/c2pa-rs-125017.git:kavia-c2patool-main
2025-08-14 10:18:53,595 - Knowledge - INFO - Found code_base: <app.utils.kg_build.knowledge.KnowledgeCodeBase object at 0x7f212a2b1350>
2025-08-14 10:18:53,718 - Knowledge - INFO - Found code_base: <app.utils.kg_build.knowledge.KnowledgeCodeBase object at 0x7f212a2b1350>
2025-08-14 10:18:53,794 - Knowledge - INFO - Found code_base: <app.utils.kg_build.knowledge.KnowledgeCodeBase object at 0x7f212a2b1350>
2025-08-14 10:18:53,883 - Knowledge - INFO - Found code_base: <app.utils.kg_build.knowledge.KnowledgeCodeBase object at 0x7f212a2b1350>
2025-08-14 10:18:54,307 - Knowledge - INFO - persist ingested knowledge for /app/data/T0015/125017/b80098n/c2pa-rs-125017/cli/src/callback_signer.rs
2025-08-14 10:18:53,975 - Knowledge - INFO - persist search terms embedding for cli/src/info.rs
2025-08-14 10:18:54,076 - Knowledge - INFO - persist ingested knowledge for /app/data/T0015/125017/b80098n/c2pa-rs-125017/cli/SECURITY.md
2025-08-14 10:18:54,187 - Knowledge - INFO - persist ingested knowledge for /app/data/T0015/125017/b80098n/c2pa-rs-125017/cli/rustfmt.toml
2025-08-14 10:18:53,961 - Knowledge - INFO - persist ingested knowledge for /app/data/T0015/125017/b80098n/c2pa-rs-125017/cli/tests/fixtures/do_not_train.json
2025-08-14 10:18:54,496 - Knowledge - INFO - Found code-base-name: https://github.com/kavia-common/c2pa-rs-125017.git:kavia-c2patool-main
2025-08-14 10:18:54,498 - Knowledge - INFO - Found code-base-name: https://github.com/kavia-common/c2pa-rs-125017.git:kavia-c2patool-main
2025-08-14 10:18:55,023 - Knowledge - INFO - Found code_base: <app.utils.kg_build.knowledge.KnowledgeCodeBase object at 0x7f212a2b1350>
2025-08-14 10:18:54,904 - Knowledge - INFO - Found code_base: <app.utils.kg_build.knowledge.KnowledgeCodeBase object at 0x7f212a2b1350>
2025-08-14 10:18:54,498 - Knowledge - INFO - Found code-base-name: https://github.com/kavia-common/c2pa-rs-125017.git:kavia-c2patool-main
2025-08-14 10:18:55,078 - Knowledge - INFO - done ingest for /app/data/T0015/125017/b80098n/c2pa-rs-125017/cli/src/main.rs
2025-08-14 10:18:55,079 - Knowledge - INFO - persist search terms embedding for cli/src/callback_signer.rs
2025-08-14 10:18:55,128 - Knowledge - INFO - persist ingested knowledge for /app/data/T0015/125017/b80098n/c2pa-rs-125017/cli/CHANGELOG.md
2025-08-14 10:18:55,228 - Knowledge - INFO - persist ingested knowledge for /app/data/T0015/125017/b80098n/c2pa-rs-125017/cli/CONTRIBUTING.md
2025-08-14 10:18:55,327 - Knowledge - INFO - Found code_base: <app.utils.kg_build.knowledge.KnowledgeCodeBase object at 0x7f212a2b1350>
2025-08-14 10:18:55,431 - Knowledge - INFO - process ingested knowledge for /app/data/T0015/125017/b80098n/c2pa-rs-125017/cli/src/main.rs
2025-08-14 10:18:55,794 - Knowledge - INFO - persist ingested knowledge for /app/data/T0015/125017/b80098n/c2pa-rs-125017/cli/tests/fixtures/ingredient/ingredient.json
2025-08-14 10:18:55,970 - Knowledge - INFO - Found code-base-name: https://github.com/kavia-common/c2pa-rs-125017.git:kavia-c2patool-main
2025-08-14 10:18:56,130 - Knowledge - INFO - Found code_base: <app.utils.kg_build.knowledge.KnowledgeCodeBase object at 0x7f212a2b1350>
2025-08-14 10:18:56,211 - Knowledge - INFO - persist ingested knowledge for /app/data/T0015/125017/b80098n/c2pa-rs-125017/cli/src/main.rs
2025-08-14 10:18:56,653 - Knowledge - INFO - persist search terms embedding for cli/src/main.rs
2025-08-14 10:18:57,600 - Knowledge - INFO - done ingest for /app/data/T0015/125017/b80098n/c2pa-rs-125017/cli/tests/integration.rs
2025-08-14 10:18:57,695 - Knowledge - INFO - process ingested knowledge for /app/data/T0015/125017/b80098n/c2pa-rs-125017/cli/tests/integration.rs
2025-08-14 10:18:57,782 - Knowledge - INFO - Found code-base-name: https://github.com/kavia-common/c2pa-rs-125017.git:kavia-c2patool-main
2025-08-14 10:18:57,882 - Knowledge - INFO - Found code_base: <app.utils.kg_build.knowledge.KnowledgeCodeBase object at 0x7f212a2b1350>
2025-08-14 10:18:57,950 - Knowledge - INFO - persist ingested knowledge for /app/data/T0015/125017/b80098n/c2pa-rs-125017/cli/tests/integration.rs
2025-08-14 10:18:58,396 - Knowledge - INFO - persist search terms embedding for cli/tests/integration.rs
2025-08-14 10:18:58,488 - Knowledge - INFO - Knowledge creation complete
2025-08-14 10:18:58,591 - Knowledge - INFO - Updating org costs, total cost: 0.004905199999999999
2025-08-14 10:18:59,568 - Knowledge - INFO - Saving knowledge to Redis...
2025-08-14 10:18:59,651 - Knowledge - INFO - Knowledge saved to Redis successfully
